
**** Clean-only build of configuration Default for project M3_MINI_RTOS ****

make clean 
rm -f rom_0x08003000.bin
rm -f rom_0x08003000.elf
rm -f rom_0x08003000.map
rm -f OS.o clock.o core_cm3.o joy_key.o lcd.o led.o main.o priority_queue.o runtime.o stm32f10x_it.o systick.o timer.o uart.o crt0.o exp_handler.o scheduler.o
rm -f __dump.txt __dump_all.txt
rm -f OS.su clock.su core_cm3.su joy_key.su lcd.su led.su main.su priority_queue.su runtime.su stm32f10x_it.su systick.su timer.su uart.su

**** Build Finished ****

**** Build of configuration Default for project M3_MINI_RTOS ****

make all 
"C:\CodeSourcery\Sourcery G++ Lite/bin/arm-none-eabi-gcc" crt0.s exp_handler.s scheduler.s OS.c clock.c core_cm3.c joy_key.c lcd.c led.c main.c priority_queue.c runtime.c stm32f10x_it.c systick.c timer.c uart.c -nostdinc  -I. -I "C:\CodeSourcery\Sourcery G++ Lite/arm-none-eabi/include" -I "C:\CodeSourcery\Sourcery G++ Lite/lib/gcc/arm-none-eabi/4.8.1/include"  -mcpu=cortex-m3 -fno-stack-protector -c -O0 -Wall -mthumb -msoft-float -fno-builtin -funsigned-char -fstack-usage -fno-strict-aliasing -fno-common -pipe -mapcs -mno-thumb-interwork 
core_cm3.c: In function '__get_PSP':
core_cm3.c:455:1: warning: stack usage computation not supported for this target [enabled by default]
 }
 ^
"C:\CodeSourcery\Sourcery G++ Lite/bin/arm-none-eabi-ld" OS.o clock.o core_cm3.o joy_key.o lcd.o led.o main.o priority_queue.o runtime.o stm32f10x_it.o systick.o timer.o uart.o crt0.o exp_handler.o scheduler.o -o rom_0x08003000.elf --cref -Bstatic -nostdlib -p -EL -lm -Map rom_0x08003000.map -L "C:\CodeSourcery\Sourcery G++ Lite/arm-none-eabi/lib/thumb2" -L "C:\CodeSourcery\Sourcery G++ Lite/lib/gcc/arm-none-eabi/4.8.1/thumb2" -lc -lgcc -T rom_0x08003000.lds
"C:\CodeSourcery\Sourcery G++ Lite/bin/arm-none-eabi-objcopy" rom_0x08003000.elf rom_0x08003000.bin -O binary
"C:\CodeSourcery\Sourcery G++ Lite/bin/arm-none-eabi-objdump" -x -D .\rom_0x08003000.elf > .\__dump.txt
"C:\CodeSourcery\Sourcery G++ Lite/bin/arm-none-eabi-objdump" -x -D -S .\rom_0x08003000.elf > .\__dump_all.txt

**** Build Finished ****

**** Build of configuration Default for project M3_MINI_RTOS ****

make all 
"C:\CodeSourcery\Sourcery G++ Lite/bin/arm-none-eabi-gcc" crt0.s exp_handler.s scheduler.s OS.c clock.c core_cm3.c joy_key.c lcd.c led.c main.c priority_queue.c runtime.c stm32f10x_it.c systick.c timer.c uart.c -nostdinc  -I. -I "C:\CodeSourcery\Sourcery G++ Lite/arm-none-eabi/include" -I "C:\CodeSourcery\Sourcery G++ Lite/lib/gcc/arm-none-eabi/4.8.1/include"  -mcpu=cortex-m3 -fno-stack-protector -c -O0 -Wall -mthumb -msoft-float -fno-builtin -funsigned-char -fno-strict-aliasing -fno-common -pipe -mapcs -mno-thumb-interwork  
OS.c: In function 'OS_Block_Current_Task':
OS.c:189:2: error: 'for' loop initial declarations are only allowed in C99 mode
  for (volatile int i = 0; i<10000; i++){}
  ^
OS.c:189:2: note: use option -std=c99 or -std=gnu99 to compile your code
OS.c:191:20: error: redefinition of 'i'
  for (volatile int i = 0; i<10000; i++){}
                    ^
OS.c:189:20: note: previous definition of 'i' was here
  for (volatile int i = 0; i<10000; i++){}
                    ^
OS.c:191:2: error: 'for' loop initial declarations are only allowed in C99 mode
  for (volatile int i = 0; i<10000; i++){}
  ^
make: *** [OS.o] Error 1

**** Build Finished ****

**** Build of configuration Default for project M3_MINI_RTOS ****

make all 
"C:\CodeSourcery\Sourcery G++ Lite/bin/arm-none-eabi-gcc" crt0.s exp_handler.s scheduler.s OS.c clock.c core_cm3.c joy_key.c lcd.c led.c main.c priority_queue.c runtime.c stm32f10x_it.c systick.c timer.c uart.c -nostdinc  -I. -I "C:\CodeSourcery\Sourcery G++ Lite/arm-none-eabi/include" -I "C:\CodeSourcery\Sourcery G++ Lite/lib/gcc/arm-none-eabi/4.8.1/include"  -mcpu=cortex-m3 -fno-stack-protector -c -O0 -Wall -mthumb -msoft-float -fno-builtin -funsigned-char -fno-strict-aliasing -fno-common -pipe -mapcs -mno-thumb-interwork  
OS.c: In function 'OS_Block_Current_Task':
OS.c:189:7: error: 'i' undeclared (first use in this function)
  for (i = 0; i<10000; i++){}
       ^
OS.c:189:7: note: each undeclared identifier is reported only once for each function it appears in
make: *** [OS.o] Error 1

**** Build Finished ****

**** Build of configuration Default for project M3_MINI_RTOS ****

make all 
"C:\CodeSourcery\Sourcery G++ Lite/bin/arm-none-eabi-gcc" crt0.s exp_handler.s scheduler.s OS.c clock.c core_cm3.c joy_key.c lcd.c led.c main.c priority_queue.c runtime.c stm32f10x_it.c systick.c timer.c uart.c -nostdinc  -I. -I "C:\CodeSourcery\Sourcery G++ Lite/arm-none-eabi/include" -I "C:\CodeSourcery\Sourcery G++ Lite/lib/gcc/arm-none-eabi/4.8.1/include"  -mcpu=cortex-m3 -fno-stack-protector -c -O0 -Wall -mthumb -msoft-float -fno-builtin -funsigned-char -fno-strict-aliasing -fno-common -pipe -mapcs -mno-thumb-interwork  
"C:\CodeSourcery\Sourcery G++ Lite/bin/arm-none-eabi-ld" OS.o clock.o core_cm3.o joy_key.o lcd.o led.o main.o priority_queue.o runtime.o stm32f10x_it.o systick.o timer.o uart.o crt0.o exp_handler.o scheduler.o -o rom_0x08003000.elf --cref -Bstatic -nostdlib -p -EL -lm -Map rom_0x08003000.map -L "C:\CodeSourcery\Sourcery G++ Lite/arm-none-eabi/lib/thumb2" -L "C:\CodeSourcery\Sourcery G++ Lite/lib/gcc/arm-none-eabi/4.8.1/thumb2" -lc -lgcc -T rom_0x08003000.lds
"C:\CodeSourcery\Sourcery G++ Lite/bin/arm-none-eabi-objcopy" rom_0x08003000.elf rom_0x08003000.bin -O binary
"C:\CodeSourcery\Sourcery G++ Lite/bin/arm-none-eabi-objdump" -x -D .\rom_0x08003000.elf > .\__dump.txt
"C:\CodeSourcery\Sourcery G++ Lite/bin/arm-none-eabi-objdump" -x -D -S .\rom_0x08003000.elf > .\__dump_all.txt

**** Build Finished ****

**** Build of configuration Default for project M3_MINI_RTOS ****

make all 
"C:\CodeSourcery\Sourcery G++ Lite/bin/arm-none-eabi-gcc" crt0.s exp_handler.s scheduler.s OS.c clock.c core_cm3.c joy_key.c lcd.c led.c main.c priority_queue.c runtime.c stm32f10x_it.c systick.c timer.c uart.c -nostdinc  -I. -I "C:\CodeSourcery\Sourcery G++ Lite/arm-none-eabi/include" -I "C:\CodeSourcery\Sourcery G++ Lite/lib/gcc/arm-none-eabi/4.8.1/include"  -mcpu=cortex-m3 -fno-stack-protector -c -O0 -Wall -mthumb -msoft-float -fno-builtin -funsigned-char -fno-strict-aliasing -fno-common -pipe -mapcs -mno-thumb-interwork  
"C:\CodeSourcery\Sourcery G++ Lite/bin/arm-none-eabi-ld" OS.o clock.o core_cm3.o joy_key.o lcd.o led.o main.o priority_queue.o runtime.o stm32f10x_it.o systick.o timer.o uart.o crt0.o exp_handler.o scheduler.o -o rom_0x08003000.elf --cref -Bstatic -nostdlib -p -EL -lm -Map rom_0x08003000.map -L "C:\CodeSourcery\Sourcery G++ Lite/arm-none-eabi/lib/thumb2" -L "C:\CodeSourcery\Sourcery G++ Lite/lib/gcc/arm-none-eabi/4.8.1/thumb2" -lc -lgcc -T rom_0x08003000.lds
"C:\CodeSourcery\Sourcery G++ Lite/bin/arm-none-eabi-objcopy" rom_0x08003000.elf rom_0x08003000.bin -O binary
"C:\CodeSourcery\Sourcery G++ Lite/bin/arm-none-eabi-objdump" -x -D .\rom_0x08003000.elf > .\__dump.txt
"C:\CodeSourcery\Sourcery G++ Lite/bin/arm-none-eabi-objdump" -x -D -S .\rom_0x08003000.elf > .\__dump_all.txt

**** Build Finished ****

**** Build of configuration Default for project M3_MINI_RTOS ****

make all 
"C:\CodeSourcery\Sourcery G++ Lite/bin/arm-none-eabi-gcc" crt0.s exp_handler.s scheduler.s OS.c clock.c core_cm3.c joy_key.c lcd.c led.c main.c priority_queue.c runtime.c stm32f10x_it.c systick.c timer.c uart.c -nostdinc  -I. -I "C:\CodeSourcery\Sourcery G++ Lite/arm-none-eabi/include" -I "C:\CodeSourcery\Sourcery G++ Lite/lib/gcc/arm-none-eabi/4.8.1/include"  -mcpu=cortex-m3 -fno-stack-protector -c -O0 -Wall -mthumb -msoft-float -fno-builtin -funsigned-char -fno-strict-aliasing -fno-common -pipe -mapcs -mno-thumb-interwork  
"C:\CodeSourcery\Sourcery G++ Lite/bin/arm-none-eabi-ld" OS.o clock.o core_cm3.o joy_key.o lcd.o led.o main.o priority_queue.o runtime.o stm32f10x_it.o systick.o timer.o uart.o crt0.o exp_handler.o scheduler.o -o rom_0x08003000.elf --cref -Bstatic -nostdlib -p -EL -lm -Map rom_0x08003000.map -L "C:\CodeSourcery\Sourcery G++ Lite/arm-none-eabi/lib/thumb2" -L "C:\CodeSourcery\Sourcery G++ Lite/lib/gcc/arm-none-eabi/4.8.1/thumb2" -lc -lgcc -T rom_0x08003000.lds
"C:\CodeSourcery\Sourcery G++ Lite/bin/arm-none-eabi-objcopy" rom_0x08003000.elf rom_0x08003000.bin -O binary
"C:\CodeSourcery\Sourcery G++ Lite/bin/arm-none-eabi-objdump" -x -D .\rom_0x08003000.elf > .\__dump.txt
"C:\CodeSourcery\Sourcery G++ Lite/bin/arm-none-eabi-objdump" -x -D -S .\rom_0x08003000.elf > .\__dump_all.txt

**** Build Finished ****

**** Build of configuration Default for project M3_MINI_RTOS ****

make all 
"C:\CodeSourcery\Sourcery G++ Lite/bin/arm-none-eabi-gcc" crt0.s exp_handler.s scheduler.s OS.c clock.c core_cm3.c joy_key.c lcd.c led.c main.c priority_queue.c runtime.c stm32f10x_it.c systick.c timer.c uart.c -nostdinc  -I. -I "C:\CodeSourcery\Sourcery G++ Lite/arm-none-eabi/include" -I "C:\CodeSourcery\Sourcery G++ Lite/lib/gcc/arm-none-eabi/4.8.1/include"  -mcpu=cortex-m3 -fno-stack-protector -c -O0 -Wall -mthumb -msoft-float -fno-builtin -funsigned-char -fno-strict-aliasing -fno-common -pipe -mapcs -mno-thumb-interwork  
"C:\CodeSourcery\Sourcery G++ Lite/bin/arm-none-eabi-ld" OS.o clock.o core_cm3.o joy_key.o lcd.o led.o main.o priority_queue.o runtime.o stm32f10x_it.o systick.o timer.o uart.o crt0.o exp_handler.o scheduler.o -o rom_0x08003000.elf --cref -Bstatic -nostdlib -p -EL -lm -Map rom_0x08003000.map -L "C:\CodeSourcery\Sourcery G++ Lite/arm-none-eabi/lib/thumb2" -L "C:\CodeSourcery\Sourcery G++ Lite/lib/gcc/arm-none-eabi/4.8.1/thumb2" -lc -lgcc -T rom_0x08003000.lds
"C:\CodeSourcery\Sourcery G++ Lite/bin/arm-none-eabi-objcopy" rom_0x08003000.elf rom_0x08003000.bin -O binary
"C:\CodeSourcery\Sourcery G++ Lite/bin/arm-none-eabi-objdump" -x -D .\rom_0x08003000.elf > .\__dump.txt
"C:\CodeSourcery\Sourcery G++ Lite/bin/arm-none-eabi-objdump" -x -D -S .\rom_0x08003000.elf > .\__dump_all.txt

**** Build Finished ****

**** Build of configuration Default for project M3_MINI_RTOS ****

make all 
"C:\CodeSourcery\Sourcery G++ Lite/bin/arm-none-eabi-gcc" crt0.s exp_handler.s scheduler.s OS.c clock.c core_cm3.c joy_key.c lcd.c led.c main.c priority_queue.c runtime.c stm32f10x_it.c systick.c timer.c uart.c -nostdinc  -I. -I "C:\CodeSourcery\Sourcery G++ Lite/arm-none-eabi/include" -I "C:\CodeSourcery\Sourcery G++ Lite/lib/gcc/arm-none-eabi/4.8.1/include"  -mcpu=cortex-m3 -fno-stack-protector -c -O0 -Wall -mthumb -msoft-float -fno-builtin -funsigned-char -fno-strict-aliasing -fno-common -pipe -mapcs -mno-thumb-interwork  
"C:\CodeSourcery\Sourcery G++ Lite/bin/arm-none-eabi-ld" OS.o clock.o core_cm3.o joy_key.o lcd.o led.o main.o priority_queue.o runtime.o stm32f10x_it.o systick.o timer.o uart.o crt0.o exp_handler.o scheduler.o -o rom_0x08003000.elf --cref -Bstatic -nostdlib -p -EL -lm -Map rom_0x08003000.map -L "C:\CodeSourcery\Sourcery G++ Lite/arm-none-eabi/lib/thumb2" -L "C:\CodeSourcery\Sourcery G++ Lite/lib/gcc/arm-none-eabi/4.8.1/thumb2" -lc -lgcc -T rom_0x08003000.lds
"C:\CodeSourcery\Sourcery G++ Lite/bin/arm-none-eabi-objcopy" rom_0x08003000.elf rom_0x08003000.bin -O binary
"C:\CodeSourcery\Sourcery G++ Lite/bin/arm-none-eabi-objdump" -x -D .\rom_0x08003000.elf > .\__dump.txt
"C:\CodeSourcery\Sourcery G++ Lite/bin/arm-none-eabi-objdump" -x -D -S .\rom_0x08003000.elf > .\__dump_all.txt

**** Build Finished ****

**** Build of configuration Default for project M3_MINI_RTOS ****

make all 
"C:\CodeSourcery\Sourcery G++ Lite/bin/arm-none-eabi-gcc" crt0.s exp_handler.s scheduler.s OS.c clock.c core_cm3.c joy_key.c lcd.c led.c main.c priority_queue.c runtime.c stm32f10x_it.c systick.c timer.c uart.c -nostdinc  -I. -I "C:\CodeSourcery\Sourcery G++ Lite/arm-none-eabi/include" -I "C:\CodeSourcery\Sourcery G++ Lite/lib/gcc/arm-none-eabi/4.8.1/include"  -mcpu=cortex-m3 -fno-stack-protector -c -O0 -Wall -mthumb -msoft-float -fno-builtin -funsigned-char -fno-strict-aliasing -fno-common -pipe -mapcs -mno-thumb-interwork  
"C:\CodeSourcery\Sourcery G++ Lite/bin/arm-none-eabi-ld" OS.o clock.o core_cm3.o joy_key.o lcd.o led.o main.o priority_queue.o runtime.o stm32f10x_it.o systick.o timer.o uart.o crt0.o exp_handler.o scheduler.o -o rom_0x08003000.elf --cref -Bstatic -nostdlib -p -EL -lm -Map rom_0x08003000.map -L "C:\CodeSourcery\Sourcery G++ Lite/arm-none-eabi/lib/thumb2" -L "C:\CodeSourcery\Sourcery G++ Lite/lib/gcc/arm-none-eabi/4.8.1/thumb2" -lc -lgcc -T rom_0x08003000.lds
"C:\CodeSourcery\Sourcery G++ Lite/bin/arm-none-eabi-objcopy" rom_0x08003000.elf rom_0x08003000.bin -O binary
"C:\CodeSourcery\Sourcery G++ Lite/bin/arm-none-eabi-objdump" -x -D .\rom_0x08003000.elf > .\__dump.txt
"C:\CodeSourcery\Sourcery G++ Lite/bin/arm-none-eabi-objdump" -x -D -S .\rom_0x08003000.elf > .\__dump_all.txt

**** Build Finished ****

**** Build of configuration Default for project M3_MINI_RTOS ****

make all 
"C:\CodeSourcery\Sourcery G++ Lite/bin/arm-none-eabi-gcc" crt0.s exp_handler.s scheduler.s OS.c clock.c core_cm3.c joy_key.c lcd.c led.c main.c priority_queue.c runtime.c stm32f10x_it.c systick.c timer.c uart.c -nostdinc  -I. -I "C:\CodeSourcery\Sourcery G++ Lite/arm-none-eabi/include" -I "C:\CodeSourcery\Sourcery G++ Lite/lib/gcc/arm-none-eabi/4.8.1/include"  -mcpu=cortex-m3 -fno-stack-protector -c -O0 -Wall -mthumb -msoft-float -fno-builtin -funsigned-char -fno-strict-aliasing -fno-common -pipe -mapcs -mno-thumb-interwork  
"C:\CodeSourcery\Sourcery G++ Lite/bin/arm-none-eabi-ld" OS.o clock.o core_cm3.o joy_key.o lcd.o led.o main.o priority_queue.o runtime.o stm32f10x_it.o systick.o timer.o uart.o crt0.o exp_handler.o scheduler.o -o rom_0x08003000.elf --cref -Bstatic -nostdlib -p -EL -lm -Map rom_0x08003000.map -L "C:\CodeSourcery\Sourcery G++ Lite/arm-none-eabi/lib/thumb2" -L "C:\CodeSourcery\Sourcery G++ Lite/lib/gcc/arm-none-eabi/4.8.1/thumb2" -lc -lgcc -T rom_0x08003000.lds
"C:\CodeSourcery\Sourcery G++ Lite/bin/arm-none-eabi-objcopy" rom_0x08003000.elf rom_0x08003000.bin -O binary
"C:\CodeSourcery\Sourcery G++ Lite/bin/arm-none-eabi-objdump" -x -D .\rom_0x08003000.elf > .\__dump.txt
"C:\CodeSourcery\Sourcery G++ Lite/bin/arm-none-eabi-objdump" -x -D -S .\rom_0x08003000.elf > .\__dump_all.txt

**** Build Finished ****

**** Build of configuration Default for project M3_MINI_RTOS ****

make all 
"C:\CodeSourcery\Sourcery G++ Lite/bin/arm-none-eabi-gcc" crt0.s exp_handler.s scheduler.s OS.c clock.c core_cm3.c joy_key.c lcd.c led.c main.c priority_queue.c runtime.c stm32f10x_it.c systick.c timer.c uart.c -nostdinc  -I. -I "C:\CodeSourcery\Sourcery G++ Lite/arm-none-eabi/include" -I "C:\CodeSourcery\Sourcery G++ Lite/lib/gcc/arm-none-eabi/4.8.1/include"  -mcpu=cortex-m3 -fno-stack-protector -c -O0 -Wall -mthumb -msoft-float -fno-builtin -funsigned-char -fno-strict-aliasing -fno-common -pipe -mapcs -mno-thumb-interwork  
"C:\CodeSourcery\Sourcery G++ Lite/bin/arm-none-eabi-ld" OS.o clock.o core_cm3.o joy_key.o lcd.o led.o main.o priority_queue.o runtime.o stm32f10x_it.o systick.o timer.o uart.o crt0.o exp_handler.o scheduler.o -o rom_0x08003000.elf --cref -Bstatic -nostdlib -p -EL -lm -Map rom_0x08003000.map -L "C:\CodeSourcery\Sourcery G++ Lite/arm-none-eabi/lib/thumb2" -L "C:\CodeSourcery\Sourcery G++ Lite/lib/gcc/arm-none-eabi/4.8.1/thumb2" -lc -lgcc -T rom_0x08003000.lds
"C:\CodeSourcery\Sourcery G++ Lite/bin/arm-none-eabi-objcopy" rom_0x08003000.elf rom_0x08003000.bin -O binary
"C:\CodeSourcery\Sourcery G++ Lite/bin/arm-none-eabi-objdump" -x -D .\rom_0x08003000.elf > .\__dump.txt
"C:\CodeSourcery\Sourcery G++ Lite/bin/arm-none-eabi-objdump" -x -D -S .\rom_0x08003000.elf > .\__dump_all.txt

**** Build Finished ****

**** Build of configuration Default for project M3_MINI_RTOS ****

make all 
"C:\CodeSourcery\Sourcery G++ Lite/bin/arm-none-eabi-gcc" crt0.s exp_handler.s scheduler.s OS.c clock.c core_cm3.c joy_key.c lcd.c led.c main.c priority_queue.c runtime.c stm32f10x_it.c systick.c timer.c uart.c -nostdinc  -I. -I "C:\CodeSourcery\Sourcery G++ Lite/arm-none-eabi/include" -I "C:\CodeSourcery\Sourcery G++ Lite/lib/gcc/arm-none-eabi/4.8.1/include"  -mcpu=cortex-m3 -fno-stack-protector -c -O0 -Wall -mthumb -msoft-float -fno-builtin -funsigned-char -fno-strict-aliasing -fno-common -pipe -mapcs -mno-thumb-interwork  
"C:\CodeSourcery\Sourcery G++ Lite/bin/arm-none-eabi-ld" OS.o clock.o core_cm3.o joy_key.o lcd.o led.o main.o priority_queue.o runtime.o stm32f10x_it.o systick.o timer.o uart.o crt0.o exp_handler.o scheduler.o -o rom_0x08003000.elf --cref -Bstatic -nostdlib -p -EL -lm -Map rom_0x08003000.map -L "C:\CodeSourcery\Sourcery G++ Lite/arm-none-eabi/lib/thumb2" -L "C:\CodeSourcery\Sourcery G++ Lite/lib/gcc/arm-none-eabi/4.8.1/thumb2" -lc -lgcc -T rom_0x08003000.lds
"C:\CodeSourcery\Sourcery G++ Lite/bin/arm-none-eabi-objcopy" rom_0x08003000.elf rom_0x08003000.bin -O binary
"C:\CodeSourcery\Sourcery G++ Lite/bin/arm-none-eabi-objdump" -x -D .\rom_0x08003000.elf > .\__dump.txt
"C:\CodeSourcery\Sourcery G++ Lite/bin/arm-none-eabi-objdump" -x -D -S .\rom_0x08003000.elf > .\__dump_all.txt

**** Build Finished ****

**** Build of configuration Default for project M3_MINI_RTOS ****

make all 
"C:\CodeSourcery\Sourcery G++ Lite/bin/arm-none-eabi-gcc" crt0.s exp_handler.s scheduler.s OS.c clock.c core_cm3.c joy_key.c lcd.c led.c main.c priority_queue.c runtime.c stm32f10x_it.c systick.c timer.c uart.c -nostdinc  -I. -I "C:\CodeSourcery\Sourcery G++ Lite/arm-none-eabi/include" -I "C:\CodeSourcery\Sourcery G++ Lite/lib/gcc/arm-none-eabi/4.8.1/include"  -mcpu=cortex-m3 -fno-stack-protector -c -O0 -Wall -mthumb -msoft-float -fno-builtin -funsigned-char -fno-strict-aliasing -fno-common -pipe -mapcs -mno-thumb-interwork  
"C:\CodeSourcery\Sourcery G++ Lite/bin/arm-none-eabi-ld" OS.o clock.o core_cm3.o joy_key.o lcd.o led.o main.o priority_queue.o runtime.o stm32f10x_it.o systick.o timer.o uart.o crt0.o exp_handler.o scheduler.o -o rom_0x08003000.elf --cref -Bstatic -nostdlib -p -EL -lm -Map rom_0x08003000.map -L "C:\CodeSourcery\Sourcery G++ Lite/arm-none-eabi/lib/thumb2" -L "C:\CodeSourcery\Sourcery G++ Lite/lib/gcc/arm-none-eabi/4.8.1/thumb2" -lc -lgcc -T rom_0x08003000.lds
"C:\CodeSourcery\Sourcery G++ Lite/bin/arm-none-eabi-objcopy" rom_0x08003000.elf rom_0x08003000.bin -O binary
"C:\CodeSourcery\Sourcery G++ Lite/bin/arm-none-eabi-objdump" -x -D .\rom_0x08003000.elf > .\__dump.txt
"C:\CodeSourcery\Sourcery G++ Lite/bin/arm-none-eabi-objdump" -x -D -S .\rom_0x08003000.elf > .\__dump_all.txt

**** Build Finished ****

**** Build of configuration Default for project M3_MINI_RTOS ****

make all 
"C:\CodeSourcery\Sourcery G++ Lite/bin/arm-none-eabi-gcc" crt0.s exp_handler.s scheduler.s OS.c clock.c core_cm3.c joy_key.c lcd.c led.c main.c priority_queue.c runtime.c stm32f10x_it.c systick.c timer.c uart.c -nostdinc  -I. -I "C:\CodeSourcery\Sourcery G++ Lite/arm-none-eabi/include" -I "C:\CodeSourcery\Sourcery G++ Lite/lib/gcc/arm-none-eabi/4.8.1/include"  -mcpu=cortex-m3 -fno-stack-protector -c -O0 -Wall -mthumb -msoft-float -fno-builtin -funsigned-char -fno-strict-aliasing -fno-common -pipe -mapcs -mno-thumb-interwork  
"C:\CodeSourcery\Sourcery G++ Lite/bin/arm-none-eabi-ld" OS.o clock.o core_cm3.o joy_key.o lcd.o led.o main.o priority_queue.o runtime.o stm32f10x_it.o systick.o timer.o uart.o crt0.o exp_handler.o scheduler.o -o rom_0x08003000.elf --cref -Bstatic -nostdlib -p -EL -lm -Map rom_0x08003000.map -L "C:\CodeSourcery\Sourcery G++ Lite/arm-none-eabi/lib/thumb2" -L "C:\CodeSourcery\Sourcery G++ Lite/lib/gcc/arm-none-eabi/4.8.1/thumb2" -lc -lgcc -T rom_0x08003000.lds
"C:\CodeSourcery\Sourcery G++ Lite/bin/arm-none-eabi-objcopy" rom_0x08003000.elf rom_0x08003000.bin -O binary
"C:\CodeSourcery\Sourcery G++ Lite/bin/arm-none-eabi-objdump" -x -D .\rom_0x08003000.elf > .\__dump.txt
"C:\CodeSourcery\Sourcery G++ Lite/bin/arm-none-eabi-objdump" -x -D -S .\rom_0x08003000.elf > .\__dump_all.txt

**** Build Finished ****

**** Build of configuration Default for project M3_MINI_RTOS ****

make all 
"C:\CodeSourcery\Sourcery G++ Lite/bin/arm-none-eabi-gcc" crt0.s exp_handler.s scheduler.s OS.c clock.c core_cm3.c joy_key.c lcd.c led.c main.c priority_queue.c runtime.c stm32f10x_it.c systick.c timer.c uart.c -nostdinc  -I. -I "C:\CodeSourcery\Sourcery G++ Lite/arm-none-eabi/include" -I "C:\CodeSourcery\Sourcery G++ Lite/lib/gcc/arm-none-eabi/4.8.1/include"  -mcpu=cortex-m3 -fno-stack-protector -c -O0 -Wall -mthumb -msoft-float -fno-builtin -funsigned-char -fno-strict-aliasing -fno-common -pipe -mapcs -mno-thumb-interwork  
"C:\CodeSourcery\Sourcery G++ Lite/bin/arm-none-eabi-ld" OS.o clock.o core_cm3.o joy_key.o lcd.o led.o main.o priority_queue.o runtime.o stm32f10x_it.o systick.o timer.o uart.o crt0.o exp_handler.o scheduler.o -o rom_0x08003000.elf --cref -Bstatic -nostdlib -p -EL -lm -Map rom_0x08003000.map -L "C:\CodeSourcery\Sourcery G++ Lite/arm-none-eabi/lib/thumb2" -L "C:\CodeSourcery\Sourcery G++ Lite/lib/gcc/arm-none-eabi/4.8.1/thumb2" -lc -lgcc -T rom_0x08003000.lds
"C:\CodeSourcery\Sourcery G++ Lite/bin/arm-none-eabi-objcopy" rom_0x08003000.elf rom_0x08003000.bin -O binary
"C:\CodeSourcery\Sourcery G++ Lite/bin/arm-none-eabi-objdump" -x -D .\rom_0x08003000.elf > .\__dump.txt
"C:\CodeSourcery\Sourcery G++ Lite/bin/arm-none-eabi-objdump" -x -D -S .\rom_0x08003000.elf > .\__dump_all.txt

**** Build Finished ****

**** Build of configuration Default for project M3_MINI_RTOS ****

make all 
"C:\CodeSourcery\Sourcery G++ Lite/bin/arm-none-eabi-gcc" crt0.s exp_handler.s scheduler.s OS.c clock.c core_cm3.c joy_key.c lcd.c led.c main.c priority_queue.c runtime.c stm32f10x_it.c systick.c timer.c uart.c -nostdinc  -I. -I "C:\CodeSourcery\Sourcery G++ Lite/arm-none-eabi/include" -I "C:\CodeSourcery\Sourcery G++ Lite/lib/gcc/arm-none-eabi/4.8.1/include"  -mcpu=cortex-m3 -fno-stack-protector -c -O0 -Wall -mthumb -msoft-float -fno-builtin -funsigned-char -fno-strict-aliasing -fno-common -pipe -mapcs -mno-thumb-interwork  
"C:\CodeSourcery\Sourcery G++ Lite/bin/arm-none-eabi-ld" OS.o clock.o core_cm3.o joy_key.o lcd.o led.o main.o priority_queue.o runtime.o stm32f10x_it.o systick.o timer.o uart.o crt0.o exp_handler.o scheduler.o -o rom_0x08003000.elf --cref -Bstatic -nostdlib -p -EL -lm -Map rom_0x08003000.map -L "C:\CodeSourcery\Sourcery G++ Lite/arm-none-eabi/lib/thumb2" -L "C:\CodeSourcery\Sourcery G++ Lite/lib/gcc/arm-none-eabi/4.8.1/thumb2" -lc -lgcc -T rom_0x08003000.lds
"C:\CodeSourcery\Sourcery G++ Lite/bin/arm-none-eabi-objcopy" rom_0x08003000.elf rom_0x08003000.bin -O binary
"C:\CodeSourcery\Sourcery G++ Lite/bin/arm-none-eabi-objdump" -x -D .\rom_0x08003000.elf > .\__dump.txt
"C:\CodeSourcery\Sourcery G++ Lite/bin/arm-none-eabi-objdump" -x -D -S .\rom_0x08003000.elf > .\__dump_all.txt

**** Build Finished ****

**** Build of configuration Default for project M3_MINI_RTOS ****

make all 
"C:\CodeSourcery\Sourcery G++ Lite/bin/arm-none-eabi-gcc" crt0.s exp_handler.s scheduler.s OS.c clock.c core_cm3.c joy_key.c lcd.c led.c main.c priority_queue.c runtime.c stm32f10x_it.c systick.c timer.c uart.c -nostdinc  -I. -I "C:\CodeSourcery\Sourcery G++ Lite/arm-none-eabi/include" -I "C:\CodeSourcery\Sourcery G++ Lite/lib/gcc/arm-none-eabi/4.8.1/include"  -mcpu=cortex-m3 -fno-stack-protector -c -O0 -Wall -mthumb -msoft-float -fno-builtin -funsigned-char -fno-strict-aliasing -fno-common -pipe -mapcs -mno-thumb-interwork  
"C:\CodeSourcery\Sourcery G++ Lite/bin/arm-none-eabi-ld" OS.o clock.o core_cm3.o joy_key.o lcd.o led.o main.o priority_queue.o runtime.o stm32f10x_it.o systick.o timer.o uart.o crt0.o exp_handler.o scheduler.o -o rom_0x08003000.elf --cref -Bstatic -nostdlib -p -EL -lm -Map rom_0x08003000.map -L "C:\CodeSourcery\Sourcery G++ Lite/arm-none-eabi/lib/thumb2" -L "C:\CodeSourcery\Sourcery G++ Lite/lib/gcc/arm-none-eabi/4.8.1/thumb2" -lc -lgcc -T rom_0x08003000.lds
"C:\CodeSourcery\Sourcery G++ Lite/bin/arm-none-eabi-objcopy" rom_0x08003000.elf rom_0x08003000.bin -O binary
"C:\CodeSourcery\Sourcery G++ Lite/bin/arm-none-eabi-objdump" -x -D .\rom_0x08003000.elf > .\__dump.txt
"C:\CodeSourcery\Sourcery G++ Lite/bin/arm-none-eabi-objdump" -x -D -S .\rom_0x08003000.elf > .\__dump_all.txt

**** Build Finished ****

**** Build of configuration Default for project M3_MINI_RTOS ****

make all 
"C:\CodeSourcery\Sourcery G++ Lite/bin/arm-none-eabi-gcc" crt0.s exp_handler.s scheduler.s OS.c clock.c core_cm3.c joy_key.c lcd.c led.c main.c priority_queue.c runtime.c stm32f10x_it.c systick.c timer.c uart.c -nostdinc  -I. -I "C:\CodeSourcery\Sourcery G++ Lite/arm-none-eabi/include" -I "C:\CodeSourcery\Sourcery G++ Lite/lib/gcc/arm-none-eabi/4.8.1/include"  -mcpu=cortex-m3 -fno-stack-protector -c -O0 -Wall -mthumb -msoft-float -fno-builtin -funsigned-char -fno-strict-aliasing -fno-common -pipe -mapcs -mno-thumb-interwork  
core_cm3.c: In function '__set_BASEPRI':
core_cm3.c:531:2: warning: implicit declaration of function 'Uart_Printf' [-Wimplicit-function-declaration]
  Uart_Printf("set BASEPRI\n");
  ^
"C:\CodeSourcery\Sourcery G++ Lite/bin/arm-none-eabi-ld" OS.o clock.o core_cm3.o joy_key.o lcd.o led.o main.o priority_queue.o runtime.o stm32f10x_it.o systick.o timer.o uart.o crt0.o exp_handler.o scheduler.o -o rom_0x08003000.elf --cref -Bstatic -nostdlib -p -EL -lm -Map rom_0x08003000.map -L "C:\CodeSourcery\Sourcery G++ Lite/arm-none-eabi/lib/thumb2" -L "C:\CodeSourcery\Sourcery G++ Lite/lib/gcc/arm-none-eabi/4.8.1/thumb2" -lc -lgcc -T rom_0x08003000.lds
core_cm3.o: In function `__set_BASEPRI':
core_cm3.c:(.text+0x66): undefined reference to `Uart_Printf'
make: *** [rom_0x08003000.elf] Error 1

**** Build Finished ****

**** Build of configuration Default for project M3_MINI_RTOS ****

make all 
"C:\CodeSourcery\Sourcery G++ Lite/bin/arm-none-eabi-gcc" crt0.s exp_handler.s scheduler.s OS.c clock.c core_cm3.c joy_key.c lcd.c led.c main.c priority_queue.c runtime.c stm32f10x_it.c systick.c timer.c uart.c -nostdinc  -I. -I "C:\CodeSourcery\Sourcery G++ Lite/arm-none-eabi/include" -I "C:\CodeSourcery\Sourcery G++ Lite/lib/gcc/arm-none-eabi/4.8.1/include"  -mcpu=cortex-m3 -fno-stack-protector -c -O0 -Wall -mthumb -msoft-float -fno-builtin -funsigned-char -fno-strict-aliasing -fno-common -pipe -mapcs -mno-thumb-interwork  
"C:\CodeSourcery\Sourcery G++ Lite/bin/arm-none-eabi-ld" OS.o clock.o core_cm3.o joy_key.o lcd.o led.o main.o priority_queue.o runtime.o stm32f10x_it.o systick.o timer.o uart.o crt0.o exp_handler.o scheduler.o -o rom_0x08003000.elf --cref -Bstatic -nostdlib -p -EL -lm -Map rom_0x08003000.map -L "C:\CodeSourcery\Sourcery G++ Lite/arm-none-eabi/lib/thumb2" -L "C:\CodeSourcery\Sourcery G++ Lite/lib/gcc/arm-none-eabi/4.8.1/thumb2" -lc -lgcc -T rom_0x08003000.lds
"C:\CodeSourcery\Sourcery G++ Lite/bin/arm-none-eabi-objcopy" rom_0x08003000.elf rom_0x08003000.bin -O binary
"C:\CodeSourcery\Sourcery G++ Lite/bin/arm-none-eabi-objdump" -x -D .\rom_0x08003000.elf > .\__dump.txt
"C:\CodeSourcery\Sourcery G++ Lite/bin/arm-none-eabi-objdump" -x -D -S .\rom_0x08003000.elf > .\__dump_all.txt

**** Build Finished ****

**** Build of configuration Default for project M3_MINI_RTOS ****

make all 
"C:\CodeSourcery\Sourcery G++ Lite/bin/arm-none-eabi-gcc" crt0.s exp_handler.s scheduler.s OS.c clock.c core_cm3.c joy_key.c lcd.c led.c main.c priority_queue.c runtime.c stm32f10x_it.c systick.c timer.c uart.c -nostdinc  -I. -I "C:\CodeSourcery\Sourcery G++ Lite/arm-none-eabi/include" -I "C:\CodeSourcery\Sourcery G++ Lite/lib/gcc/arm-none-eabi/4.8.1/include"  -mcpu=cortex-m3 -fno-stack-protector -c -O0 -Wall -mthumb -msoft-float -fno-builtin -funsigned-char -fno-strict-aliasing -fno-common -pipe -mapcs -mno-thumb-interwork  
"C:\CodeSourcery\Sourcery G++ Lite/bin/arm-none-eabi-ld" OS.o clock.o core_cm3.o joy_key.o lcd.o led.o main.o priority_queue.o runtime.o stm32f10x_it.o systick.o timer.o uart.o crt0.o exp_handler.o scheduler.o -o rom_0x08003000.elf --cref -Bstatic -nostdlib -p -EL -lm -Map rom_0x08003000.map -L "C:\CodeSourcery\Sourcery G++ Lite/arm-none-eabi/lib/thumb2" -L "C:\CodeSourcery\Sourcery G++ Lite/lib/gcc/arm-none-eabi/4.8.1/thumb2" -lc -lgcc -T rom_0x08003000.lds
"C:\CodeSourcery\Sourcery G++ Lite/bin/arm-none-eabi-objcopy" rom_0x08003000.elf rom_0x08003000.bin -O binary
"C:\CodeSourcery\Sourcery G++ Lite/bin/arm-none-eabi-objdump" -x -D .\rom_0x08003000.elf > .\__dump.txt
"C:\CodeSourcery\Sourcery G++ Lite/bin/arm-none-eabi-objdump" -x -D -S .\rom_0x08003000.elf > .\__dump_all.txt

**** Build Finished ****

**** Build of configuration Default for project M3_MINI_RTOS ****

make all 
"C:\CodeSourcery\Sourcery G++ Lite/bin/arm-none-eabi-gcc" crt0.s exp_handler.s scheduler.s OS.c clock.c core_cm3.c joy_key.c lcd.c led.c main.c priority_queue.c runtime.c stm32f10x_it.c systick.c timer.c uart.c -nostdinc  -I. -I "C:\CodeSourcery\Sourcery G++ Lite/arm-none-eabi/include" -I "C:\CodeSourcery\Sourcery G++ Lite/lib/gcc/arm-none-eabi/4.8.1/include"  -mcpu=cortex-m3 -fno-stack-protector -c -O0 -Wall -mthumb -msoft-float -fno-builtin -funsigned-char -fno-strict-aliasing -fno-common -pipe -mapcs -mno-thumb-interwork  
"C:\CodeSourcery\Sourcery G++ Lite/bin/arm-none-eabi-ld" OS.o clock.o core_cm3.o joy_key.o lcd.o led.o main.o priority_queue.o runtime.o stm32f10x_it.o systick.o timer.o uart.o crt0.o exp_handler.o scheduler.o -o rom_0x08003000.elf --cref -Bstatic -nostdlib -p -EL -lm -Map rom_0x08003000.map -L "C:\CodeSourcery\Sourcery G++ Lite/arm-none-eabi/lib/thumb2" -L "C:\CodeSourcery\Sourcery G++ Lite/lib/gcc/arm-none-eabi/4.8.1/thumb2" -lc -lgcc -T rom_0x08003000.lds
"C:\CodeSourcery\Sourcery G++ Lite/bin/arm-none-eabi-objcopy" rom_0x08003000.elf rom_0x08003000.bin -O binary
"C:\CodeSourcery\Sourcery G++ Lite/bin/arm-none-eabi-objdump" -x -D .\rom_0x08003000.elf > .\__dump.txt
"C:\CodeSourcery\Sourcery G++ Lite/bin/arm-none-eabi-objdump" -x -D -S .\rom_0x08003000.elf > .\__dump_all.txt

**** Build Finished ****

**** Build of configuration Default for project M3_MINI_RTOS ****

make all 
"C:\CodeSourcery\Sourcery G++ Lite/bin/arm-none-eabi-gcc" crt0.s exp_handler.s scheduler.s OS.c clock.c core_cm3.c joy_key.c lcd.c led.c main.c priority_queue.c runtime.c stm32f10x_it.c systick.c timer.c uart.c -nostdinc  -I. -I "C:\CodeSourcery\Sourcery G++ Lite/arm-none-eabi/include" -I "C:\CodeSourcery\Sourcery G++ Lite/lib/gcc/arm-none-eabi/4.8.1/include"  -mcpu=cortex-m3 -fno-stack-protector -c -O0 -Wall -mthumb -msoft-float -fno-builtin -funsigned-char -fno-strict-aliasing -fno-common -pipe -mapcs -mno-thumb-interwork  
"C:\CodeSourcery\Sourcery G++ Lite/bin/arm-none-eabi-ld" OS.o clock.o core_cm3.o joy_key.o lcd.o led.o main.o priority_queue.o runtime.o stm32f10x_it.o systick.o timer.o uart.o crt0.o exp_handler.o scheduler.o -o rom_0x08003000.elf --cref -Bstatic -nostdlib -p -EL -lm -Map rom_0x08003000.map -L "C:\CodeSourcery\Sourcery G++ Lite/arm-none-eabi/lib/thumb2" -L "C:\CodeSourcery\Sourcery G++ Lite/lib/gcc/arm-none-eabi/4.8.1/thumb2" -lc -lgcc -T rom_0x08003000.lds
"C:\CodeSourcery\Sourcery G++ Lite/bin/arm-none-eabi-objcopy" rom_0x08003000.elf rom_0x08003000.bin -O binary
"C:\CodeSourcery\Sourcery G++ Lite/bin/arm-none-eabi-objdump" -x -D .\rom_0x08003000.elf > .\__dump.txt
"C:\CodeSourcery\Sourcery G++ Lite/bin/arm-none-eabi-objdump" -x -D -S .\rom_0x08003000.elf > .\__dump_all.txt

**** Build Finished ****

**** Build of configuration Default for project M3_MINI_RTOS ****

make all 
"C:\CodeSourcery\Sourcery G++ Lite/bin/arm-none-eabi-gcc" crt0.s exp_handler.s scheduler.s OS.c clock.c core_cm3.c joy_key.c lcd.c led.c main.c priority_queue.c runtime.c stm32f10x_it.c systick.c timer.c uart.c -nostdinc  -I. -I "C:\CodeSourcery\Sourcery G++ Lite/arm-none-eabi/include" -I "C:\CodeSourcery\Sourcery G++ Lite/lib/gcc/arm-none-eabi/4.8.1/include"  -mcpu=cortex-m3 -fno-stack-protector -c -O0 -Wall -mthumb -msoft-float -fno-builtin -funsigned-char -fno-strict-aliasing -fno-common -pipe -mapcs -mno-thumb-interwork  
OS.c: In function 'OS_Init':
OS.c:32:2: error: expected ';' before 'int'
  int i;
  ^
OS.c:33:6: error: 'i' undeclared (first use in this function)
  for(i=0; i<=MAX_TCB; i++)
      ^
OS.c:33:6: note: each undeclared identifier is reported only once for each function it appears in
make: *** [OS.o] Error 1

**** Build Finished ****

**** Build of configuration Default for project M3_MINI_RTOS ****

make all 
"C:\CodeSourcery\Sourcery G++ Lite/bin/arm-none-eabi-gcc" crt0.s exp_handler.s scheduler.s OS.c clock.c core_cm3.c joy_key.c lcd.c led.c main.c priority_queue.c runtime.c stm32f10x_it.c systick.c timer.c uart.c -nostdinc  -I. -I "C:\CodeSourcery\Sourcery G++ Lite/arm-none-eabi/include" -I "C:\CodeSourcery\Sourcery G++ Lite/lib/gcc/arm-none-eabi/4.8.1/include"  -mcpu=cortex-m3 -fno-stack-protector -c -O0 -Wall -mthumb -msoft-float -fno-builtin -funsigned-char -fno-strict-aliasing -fno-common -pipe -mapcs -mno-thumb-interwork  
"C:\CodeSourcery\Sourcery G++ Lite/bin/arm-none-eabi-ld" OS.o clock.o core_cm3.o joy_key.o lcd.o led.o main.o priority_queue.o runtime.o stm32f10x_it.o systick.o timer.o uart.o crt0.o exp_handler.o scheduler.o -o rom_0x08003000.elf --cref -Bstatic -nostdlib -p -EL -lm -Map rom_0x08003000.map -L "C:\CodeSourcery\Sourcery G++ Lite/arm-none-eabi/lib/thumb2" -L "C:\CodeSourcery\Sourcery G++ Lite/lib/gcc/arm-none-eabi/4.8.1/thumb2" -lc -lgcc -T rom_0x08003000.lds
"C:\CodeSourcery\Sourcery G++ Lite/bin/arm-none-eabi-objcopy" rom_0x08003000.elf rom_0x08003000.bin -O binary
"C:\CodeSourcery\Sourcery G++ Lite/bin/arm-none-eabi-objdump" -x -D .\rom_0x08003000.elf > .\__dump.txt
"C:\CodeSourcery\Sourcery G++ Lite/bin/arm-none-eabi-objdump" -x -D -S .\rom_0x08003000.elf > .\__dump_all.txt

**** Build Finished ****

**** Build of configuration Default for project M3_MINI_RTOS ****

make all 
"C:\CodeSourcery\Sourcery G++ Lite/bin/arm-none-eabi-gcc" crt0.s exp_handler.s scheduler.s OS.c clock.c core_cm3.c joy_key.c lcd.c led.c main.c priority_queue.c runtime.c stm32f10x_it.c systick.c timer.c uart.c -nostdinc  -I. -I "C:\CodeSourcery\Sourcery G++ Lite/arm-none-eabi/include" -I "C:\CodeSourcery\Sourcery G++ Lite/lib/gcc/arm-none-eabi/4.8.1/include"  -mcpu=cortex-m3 -fno-stack-protector -c -O0 -Wall -mthumb -msoft-float -fno-builtin -funsigned-char -fno-strict-aliasing -fno-common -pipe -mapcs -mno-thumb-interwork  
"C:\CodeSourcery\Sourcery G++ Lite/bin/arm-none-eabi-ld" OS.o clock.o core_cm3.o joy_key.o lcd.o led.o main.o priority_queue.o runtime.o stm32f10x_it.o systick.o timer.o uart.o crt0.o exp_handler.o scheduler.o -o rom_0x08003000.elf --cref -Bstatic -nostdlib -p -EL -lm -Map rom_0x08003000.map -L "C:\CodeSourcery\Sourcery G++ Lite/arm-none-eabi/lib/thumb2" -L "C:\CodeSourcery\Sourcery G++ Lite/lib/gcc/arm-none-eabi/4.8.1/thumb2" -lc -lgcc -T rom_0x08003000.lds
"C:\CodeSourcery\Sourcery G++ Lite/bin/arm-none-eabi-objcopy" rom_0x08003000.elf rom_0x08003000.bin -O binary
"C:\CodeSourcery\Sourcery G++ Lite/bin/arm-none-eabi-objdump" -x -D .\rom_0x08003000.elf > .\__dump.txt
"C:\CodeSourcery\Sourcery G++ Lite/bin/arm-none-eabi-objdump" -x -D -S .\rom_0x08003000.elf > .\__dump_all.txt

**** Build Finished ****

**** Build of configuration Default for project M3_MINI_RTOS ****

make all 
"C:\CodeSourcery\Sourcery G++ Lite/bin/arm-none-eabi-gcc" crt0.s exp_handler.s scheduler.s OS.c clock.c core_cm3.c joy_key.c lcd.c led.c main.c priority_queue.c runtime.c stm32f10x_it.c systick.c timer.c uart.c -nostdinc  -I. -I "C:\CodeSourcery\Sourcery G++ Lite/arm-none-eabi/include" -I "C:\CodeSourcery\Sourcery G++ Lite/lib/gcc/arm-none-eabi/4.8.1/include"  -mcpu=cortex-m3 -fno-stack-protector -c -O0 -Wall -mthumb -msoft-float -fno-builtin -funsigned-char -fno-strict-aliasing -fno-common -pipe -mapcs -mno-thumb-interwork  
"C:\CodeSourcery\Sourcery G++ Lite/bin/arm-none-eabi-ld" OS.o clock.o core_cm3.o joy_key.o lcd.o led.o main.o priority_queue.o runtime.o stm32f10x_it.o systick.o timer.o uart.o crt0.o exp_handler.o scheduler.o -o rom_0x08003000.elf --cref -Bstatic -nostdlib -p -EL -lm -Map rom_0x08003000.map -L "C:\CodeSourcery\Sourcery G++ Lite/arm-none-eabi/lib/thumb2" -L "C:\CodeSourcery\Sourcery G++ Lite/lib/gcc/arm-none-eabi/4.8.1/thumb2" -lc -lgcc -T rom_0x08003000.lds
"C:\CodeSourcery\Sourcery G++ Lite/bin/arm-none-eabi-objcopy" rom_0x08003000.elf rom_0x08003000.bin -O binary
"C:\CodeSourcery\Sourcery G++ Lite/bin/arm-none-eabi-objdump" -x -D .\rom_0x08003000.elf > .\__dump.txt
"C:\CodeSourcery\Sourcery G++ Lite/bin/arm-none-eabi-objdump" -x -D -S .\rom_0x08003000.elf > .\__dump_all.txt

**** Build Finished ****

**** Build of configuration Default for project M3_MINI_RTOS ****

make all 
"C:\CodeSourcery\Sourcery G++ Lite/bin/arm-none-eabi-gcc" crt0.s exp_handler.s scheduler.s OS.c clock.c core_cm3.c joy_key.c lcd.c led.c main.c priority_queue.c runtime.c stm32f10x_it.c systick.c timer.c uart.c -nostdinc  -I. -I "C:\CodeSourcery\Sourcery G++ Lite/arm-none-eabi/include" -I "C:\CodeSourcery\Sourcery G++ Lite/lib/gcc/arm-none-eabi/4.8.1/include"  -mcpu=cortex-m3 -fno-stack-protector -c -O0 -Wall -mthumb -msoft-float -fno-builtin -funsigned-char -fno-strict-aliasing -fno-common -pipe -mapcs -mno-thumb-interwork  
"C:\CodeSourcery\Sourcery G++ Lite/bin/arm-none-eabi-ld" OS.o clock.o core_cm3.o joy_key.o lcd.o led.o main.o priority_queue.o runtime.o stm32f10x_it.o systick.o timer.o uart.o crt0.o exp_handler.o scheduler.o -o rom_0x08003000.elf --cref -Bstatic -nostdlib -p -EL -lm -Map rom_0x08003000.map -L "C:\CodeSourcery\Sourcery G++ Lite/arm-none-eabi/lib/thumb2" -L "C:\CodeSourcery\Sourcery G++ Lite/lib/gcc/arm-none-eabi/4.8.1/thumb2" -lc -lgcc -T rom_0x08003000.lds
"C:\CodeSourcery\Sourcery G++ Lite/bin/arm-none-eabi-objcopy" rom_0x08003000.elf rom_0x08003000.bin -O binary
"C:\CodeSourcery\Sourcery G++ Lite/bin/arm-none-eabi-objdump" -x -D .\rom_0x08003000.elf > .\__dump.txt
"C:\CodeSourcery\Sourcery G++ Lite/bin/arm-none-eabi-objdump" -x -D -S .\rom_0x08003000.elf > .\__dump_all.txt

**** Build Finished ****

**** Build of configuration Default for project M3_MINI_RTOS ****

make all 
"C:\CodeSourcery\Sourcery G++ Lite/bin/arm-none-eabi-gcc" crt0.s exp_handler.s scheduler.s OS.c clock.c core_cm3.c joy_key.c lcd.c led.c main.c priority_queue.c runtime.c stm32f10x_it.c systick.c timer.c uart.c -nostdinc  -I. -I "C:\CodeSourcery\Sourcery G++ Lite/arm-none-eabi/include" -I "C:\CodeSourcery\Sourcery G++ Lite/lib/gcc/arm-none-eabi/4.8.1/include"  -mcpu=cortex-m3 -fno-stack-protector -c -O0 -Wall -mthumb -msoft-float -fno-builtin -funsigned-char -fno-strict-aliasing -fno-common -pipe -mapcs -mno-thumb-interwork  
"C:\CodeSourcery\Sourcery G++ Lite/bin/arm-none-eabi-ld" OS.o clock.o core_cm3.o joy_key.o lcd.o led.o main.o priority_queue.o runtime.o stm32f10x_it.o systick.o timer.o uart.o crt0.o exp_handler.o scheduler.o -o rom_0x08003000.elf --cref -Bstatic -nostdlib -p -EL -lm -Map rom_0x08003000.map -L "C:\CodeSourcery\Sourcery G++ Lite/arm-none-eabi/lib/thumb2" -L "C:\CodeSourcery\Sourcery G++ Lite/lib/gcc/arm-none-eabi/4.8.1/thumb2" -lc -lgcc -T rom_0x08003000.lds
"C:\CodeSourcery\Sourcery G++ Lite/bin/arm-none-eabi-objcopy" rom_0x08003000.elf rom_0x08003000.bin -O binary
"C:\CodeSourcery\Sourcery G++ Lite/bin/arm-none-eabi-objdump" -x -D .\rom_0x08003000.elf > .\__dump.txt
"C:\CodeSourcery\Sourcery G++ Lite/bin/arm-none-eabi-objdump" -x -D -S .\rom_0x08003000.elf > .\__dump_all.txt

**** Build Finished ****

**** Build of configuration Default for project M3_MINI_RTOS ****

make all 
"C:\CodeSourcery\Sourcery G++ Lite/bin/arm-none-eabi-gcc" crt0.s exp_handler.s scheduler.s OS.c clock.c core_cm3.c joy_key.c lcd.c led.c main.c priority_queue.c runtime.c stm32f10x_it.c systick.c timer.c uart.c -nostdinc  -I. -I "C:\CodeSourcery\Sourcery G++ Lite/arm-none-eabi/include" -I "C:\CodeSourcery\Sourcery G++ Lite/lib/gcc/arm-none-eabi/4.8.1/include"  -mcpu=cortex-m3 -fno-stack-protector -c -O0 -Wall -mthumb -msoft-float -fno-builtin -funsigned-char -fno-strict-aliasing -fno-common -pipe -mapcs -mno-thumb-interwork  
scheduler.s: Assembler messages:
scheduler.s:45: Error: Thumb encoding does not support an immediate here -- `msr BASEPRI,#3'
make: *** [OS.o] Error 1

**** Build Finished ****

**** Build of configuration Default for project M3_MINI_RTOS ****

make all 
"C:\CodeSourcery\Sourcery G++ Lite/bin/arm-none-eabi-gcc" crt0.s exp_handler.s scheduler.s OS.c clock.c core_cm3.c joy_key.c lcd.c led.c main.c priority_queue.c runtime.c stm32f10x_it.c systick.c timer.c uart.c -nostdinc  -I. -I "C:\CodeSourcery\Sourcery G++ Lite/arm-none-eabi/include" -I "C:\CodeSourcery\Sourcery G++ Lite/lib/gcc/arm-none-eabi/4.8.1/include"  -mcpu=cortex-m3 -fno-stack-protector -c -O0 -Wall -mthumb -msoft-float -fno-builtin -funsigned-char -fno-strict-aliasing -fno-common -pipe -mapcs -mno-thumb-interwork  
"C:\CodeSourcery\Sourcery G++ Lite/bin/arm-none-eabi-ld" OS.o clock.o core_cm3.o joy_key.o lcd.o led.o main.o priority_queue.o runtime.o stm32f10x_it.o systick.o timer.o uart.o crt0.o exp_handler.o scheduler.o -o rom_0x08003000.elf --cref -Bstatic -nostdlib -p -EL -lm -Map rom_0x08003000.map -L "C:\CodeSourcery\Sourcery G++ Lite/arm-none-eabi/lib/thumb2" -L "C:\CodeSourcery\Sourcery G++ Lite/lib/gcc/arm-none-eabi/4.8.1/thumb2" -lc -lgcc -T rom_0x08003000.lds
"C:\CodeSourcery\Sourcery G++ Lite/bin/arm-none-eabi-objcopy" rom_0x08003000.elf rom_0x08003000.bin -O binary
"C:\CodeSourcery\Sourcery G++ Lite/bin/arm-none-eabi-objdump" -x -D .\rom_0x08003000.elf > .\__dump.txt
"C:\CodeSourcery\Sourcery G++ Lite/bin/arm-none-eabi-objdump" -x -D -S .\rom_0x08003000.elf > .\__dump_all.txt

**** Build Finished ****

**** Build of configuration Default for project M3_MINI_RTOS ****

make all 
"C:\CodeSourcery\Sourcery G++ Lite/bin/arm-none-eabi-gcc" crt0.s exp_handler.s scheduler.s OS.c clock.c core_cm3.c joy_key.c lcd.c led.c main.c priority_queue.c runtime.c stm32f10x_it.c systick.c timer.c uart.c -nostdinc  -I. -I "C:\CodeSourcery\Sourcery G++ Lite/arm-none-eabi/include" -I "C:\CodeSourcery\Sourcery G++ Lite/lib/gcc/arm-none-eabi/4.8.1/include"  -mcpu=cortex-m3 -fno-stack-protector -c -O0 -Wall -mthumb -msoft-float -fno-builtin -funsigned-char -fno-strict-aliasing -fno-common -pipe -mapcs -mno-thumb-interwork  
"C:\CodeSourcery\Sourcery G++ Lite/bin/arm-none-eabi-ld" OS.o clock.o core_cm3.o joy_key.o lcd.o led.o main.o priority_queue.o runtime.o stm32f10x_it.o systick.o timer.o uart.o crt0.o exp_handler.o scheduler.o -o rom_0x08003000.elf --cref -Bstatic -nostdlib -p -EL -lm -Map rom_0x08003000.map -L "C:\CodeSourcery\Sourcery G++ Lite/arm-none-eabi/lib/thumb2" -L "C:\CodeSourcery\Sourcery G++ Lite/lib/gcc/arm-none-eabi/4.8.1/thumb2" -lc -lgcc -T rom_0x08003000.lds
"C:\CodeSourcery\Sourcery G++ Lite/bin/arm-none-eabi-objcopy" rom_0x08003000.elf rom_0x08003000.bin -O binary
"C:\CodeSourcery\Sourcery G++ Lite/bin/arm-none-eabi-objdump" -x -D .\rom_0x08003000.elf > .\__dump.txt
"C:\CodeSourcery\Sourcery G++ Lite/bin/arm-none-eabi-objdump" -x -D -S .\rom_0x08003000.elf > .\__dump_all.txt

**** Build Finished ****

**** Build of configuration Default for project M3_MINI_RTOS ****

make all 
"C:\CodeSourcery\Sourcery G++ Lite/bin/arm-none-eabi-gcc" crt0.s exp_handler.s scheduler.s OS.c clock.c core_cm3.c joy_key.c lcd.c led.c main.c priority_queue.c runtime.c stm32f10x_it.c systick.c timer.c uart.c -nostdinc  -I. -I "C:\CodeSourcery\Sourcery G++ Lite/arm-none-eabi/include" -I "C:\CodeSourcery\Sourcery G++ Lite/lib/gcc/arm-none-eabi/4.8.1/include"  -mcpu=cortex-m3 -fno-stack-protector -c -O0 -Wall -mthumb -msoft-float -fno-builtin -funsigned-char -fno-strict-aliasing -fno-common -pipe -mapcs -mno-thumb-interwork  
"C:\CodeSourcery\Sourcery G++ Lite/bin/arm-none-eabi-ld" OS.o clock.o core_cm3.o joy_key.o lcd.o led.o main.o priority_queue.o runtime.o stm32f10x_it.o systick.o timer.o uart.o crt0.o exp_handler.o scheduler.o -o rom_0x08003000.elf --cref -Bstatic -nostdlib -p -EL -lm -Map rom_0x08003000.map -L "C:\CodeSourcery\Sourcery G++ Lite/arm-none-eabi/lib/thumb2" -L "C:\CodeSourcery\Sourcery G++ Lite/lib/gcc/arm-none-eabi/4.8.1/thumb2" -lc -lgcc -T rom_0x08003000.lds
"C:\CodeSourcery\Sourcery G++ Lite/bin/arm-none-eabi-objcopy" rom_0x08003000.elf rom_0x08003000.bin -O binary
"C:\CodeSourcery\Sourcery G++ Lite/bin/arm-none-eabi-objdump" -x -D .\rom_0x08003000.elf > .\__dump.txt
"C:\CodeSourcery\Sourcery G++ Lite/bin/arm-none-eabi-objdump" -x -D -S .\rom_0x08003000.elf > .\__dump_all.txt

**** Build Finished ****

**** Build of configuration Default for project M3_MINI_RTOS ****

make all 
"C:\CodeSourcery\Sourcery G++ Lite/bin/arm-none-eabi-gcc" crt0.s exp_handler.s scheduler.s OS.c clock.c core_cm3.c joy_key.c lcd.c led.c main.c priority_queue.c runtime.c stm32f10x_it.c systick.c timer.c uart.c -nostdinc  -I. -I "C:\CodeSourcery\Sourcery G++ Lite/arm-none-eabi/include" -I "C:\CodeSourcery\Sourcery G++ Lite/lib/gcc/arm-none-eabi/4.8.1/include"  -mcpu=cortex-m3 -fno-stack-protector -c -O0 -Wall -mthumb -msoft-float -fno-builtin -funsigned-char -fno-strict-aliasing -fno-common -pipe -mapcs -mno-thumb-interwork  
"C:\CodeSourcery\Sourcery G++ Lite/bin/arm-none-eabi-ld" OS.o clock.o core_cm3.o joy_key.o lcd.o led.o main.o priority_queue.o runtime.o stm32f10x_it.o systick.o timer.o uart.o crt0.o exp_handler.o scheduler.o -o rom_0x08003000.elf --cref -Bstatic -nostdlib -p -EL -lm -Map rom_0x08003000.map -L "C:\CodeSourcery\Sourcery G++ Lite/arm-none-eabi/lib/thumb2" -L "C:\CodeSourcery\Sourcery G++ Lite/lib/gcc/arm-none-eabi/4.8.1/thumb2" -lc -lgcc -T rom_0x08003000.lds
"C:\CodeSourcery\Sourcery G++ Lite/bin/arm-none-eabi-objcopy" rom_0x08003000.elf rom_0x08003000.bin -O binary
"C:\CodeSourcery\Sourcery G++ Lite/bin/arm-none-eabi-objdump" -x -D .\rom_0x08003000.elf > .\__dump.txt
"C:\CodeSourcery\Sourcery G++ Lite/bin/arm-none-eabi-objdump" -x -D -S .\rom_0x08003000.elf > .\__dump_all.txt

**** Build Finished ****

**** Build of configuration Default for project M3_MINI_RTOS ****

make all 
"C:\CodeSourcery\Sourcery G++ Lite/bin/arm-none-eabi-gcc" crt0.s exp_handler.s scheduler.s OS.c clock.c core_cm3.c joy_key.c lcd.c led.c main.c priority_queue.c runtime.c stm32f10x_it.c systick.c timer.c uart.c -nostdinc  -I. -I "C:\CodeSourcery\Sourcery G++ Lite/arm-none-eabi/include" -I "C:\CodeSourcery\Sourcery G++ Lite/lib/gcc/arm-none-eabi/4.8.1/include"  -mcpu=cortex-m3 -fno-stack-protector -c -O0 -Wall -mthumb -msoft-float -fno-builtin -funsigned-char -fno-strict-aliasing -fno-common -pipe -mapcs -mno-thumb-interwork  
"C:\CodeSourcery\Sourcery G++ Lite/bin/arm-none-eabi-ld" OS.o clock.o core_cm3.o joy_key.o lcd.o led.o main.o priority_queue.o runtime.o stm32f10x_it.o systick.o timer.o uart.o crt0.o exp_handler.o scheduler.o -o rom_0x08003000.elf --cref -Bstatic -nostdlib -p -EL -lm -Map rom_0x08003000.map -L "C:\CodeSourcery\Sourcery G++ Lite/arm-none-eabi/lib/thumb2" -L "C:\CodeSourcery\Sourcery G++ Lite/lib/gcc/arm-none-eabi/4.8.1/thumb2" -lc -lgcc -T rom_0x08003000.lds
"C:\CodeSourcery\Sourcery G++ Lite/bin/arm-none-eabi-objcopy" rom_0x08003000.elf rom_0x08003000.bin -O binary
"C:\CodeSourcery\Sourcery G++ Lite/bin/arm-none-eabi-objdump" -x -D .\rom_0x08003000.elf > .\__dump.txt
"C:\CodeSourcery\Sourcery G++ Lite/bin/arm-none-eabi-objdump" -x -D -S .\rom_0x08003000.elf > .\__dump_all.txt

**** Build Finished ****

**** Build of configuration Default for project M3_MINI_RTOS ****

make all 
"C:\CodeSourcery\Sourcery G++ Lite/bin/arm-none-eabi-gcc" crt0.s exp_handler.s scheduler.s OS.c clock.c core_cm3.c joy_key.c lcd.c led.c main.c priority_queue.c runtime.c stm32f10x_it.c systick.c timer.c uart.c -nostdinc  -I. -I "C:\CodeSourcery\Sourcery G++ Lite/arm-none-eabi/include" -I "C:\CodeSourcery\Sourcery G++ Lite/lib/gcc/arm-none-eabi/4.8.1/include"  -mcpu=cortex-m3 -fno-stack-protector -c -O0 -Wall -mthumb -msoft-float -fno-builtin -funsigned-char -fno-strict-aliasing -fno-common -pipe -mapcs -mno-thumb-interwork  
"C:\CodeSourcery\Sourcery G++ Lite/bin/arm-none-eabi-ld" OS.o clock.o core_cm3.o joy_key.o lcd.o led.o main.o priority_queue.o runtime.o stm32f10x_it.o systick.o timer.o uart.o crt0.o exp_handler.o scheduler.o -o rom_0x08003000.elf --cref -Bstatic -nostdlib -p -EL -lm -Map rom_0x08003000.map -L "C:\CodeSourcery\Sourcery G++ Lite/arm-none-eabi/lib/thumb2" -L "C:\CodeSourcery\Sourcery G++ Lite/lib/gcc/arm-none-eabi/4.8.1/thumb2" -lc -lgcc -T rom_0x08003000.lds
"C:\CodeSourcery\Sourcery G++ Lite/bin/arm-none-eabi-objcopy" rom_0x08003000.elf rom_0x08003000.bin -O binary
"C:\CodeSourcery\Sourcery G++ Lite/bin/arm-none-eabi-objdump" -x -D .\rom_0x08003000.elf > .\__dump.txt
"C:\CodeSourcery\Sourcery G++ Lite/bin/arm-none-eabi-objdump" -x -D -S .\rom_0x08003000.elf > .\__dump_all.txt

**** Build Finished ****

**** Build of configuration Default for project M3_MINI_RTOS ****

make all 
"C:\CodeSourcery\Sourcery G++ Lite/bin/arm-none-eabi-gcc" crt0.s exp_handler.s scheduler.s OS.c clock.c core_cm3.c joy_key.c lcd.c led.c main.c priority_queue.c runtime.c stm32f10x_it.c systick.c timer.c uart.c -nostdinc  -I. -I "C:\CodeSourcery\Sourcery G++ Lite/arm-none-eabi/include" -I "C:\CodeSourcery\Sourcery G++ Lite/lib/gcc/arm-none-eabi/4.8.1/include"  -mcpu=cortex-m3 -fno-stack-protector -c -O0 -Wall -mthumb -msoft-float -fno-builtin -funsigned-char -fno-strict-aliasing -fno-common -pipe -mapcs -mno-thumb-interwork  
"C:\CodeSourcery\Sourcery G++ Lite/bin/arm-none-eabi-ld" OS.o clock.o core_cm3.o joy_key.o lcd.o led.o main.o priority_queue.o runtime.o stm32f10x_it.o systick.o timer.o uart.o crt0.o exp_handler.o scheduler.o -o rom_0x08003000.elf --cref -Bstatic -nostdlib -p -EL -lm -Map rom_0x08003000.map -L "C:\CodeSourcery\Sourcery G++ Lite/arm-none-eabi/lib/thumb2" -L "C:\CodeSourcery\Sourcery G++ Lite/lib/gcc/arm-none-eabi/4.8.1/thumb2" -lc -lgcc -T rom_0x08003000.lds
"C:\CodeSourcery\Sourcery G++ Lite/bin/arm-none-eabi-objcopy" rom_0x08003000.elf rom_0x08003000.bin -O binary
"C:\CodeSourcery\Sourcery G++ Lite/bin/arm-none-eabi-objdump" -x -D .\rom_0x08003000.elf > .\__dump.txt
"C:\CodeSourcery\Sourcery G++ Lite/bin/arm-none-eabi-objdump" -x -D -S .\rom_0x08003000.elf > .\__dump_all.txt

**** Build Finished ****

**** Build of configuration Default for project M3_MINI_RTOS ****

make all 
"C:\CodeSourcery\Sourcery G++ Lite/bin/arm-none-eabi-gcc" crt0.s exp_handler.s scheduler.s OS.c clock.c core_cm3.c joy_key.c lcd.c led.c main.c priority_queue.c runtime.c stm32f10x_it.c systick.c timer.c uart.c -nostdinc  -I. -I "C:\CodeSourcery\Sourcery G++ Lite/arm-none-eabi/include" -I "C:\CodeSourcery\Sourcery G++ Lite/lib/gcc/arm-none-eabi/4.8.1/include"  -mcpu=cortex-m3 -fno-stack-protector -c -O0 -Wall -mthumb -msoft-float -fno-builtin -funsigned-char -fno-strict-aliasing -fno-common -pipe -mapcs -mno-thumb-interwork  
"C:\CodeSourcery\Sourcery G++ Lite/bin/arm-none-eabi-ld" OS.o clock.o core_cm3.o joy_key.o lcd.o led.o main.o priority_queue.o runtime.o stm32f10x_it.o systick.o timer.o uart.o crt0.o exp_handler.o scheduler.o -o rom_0x08003000.elf --cref -Bstatic -nostdlib -p -EL -lm -Map rom_0x08003000.map -L "C:\CodeSourcery\Sourcery G++ Lite/arm-none-eabi/lib/thumb2" -L "C:\CodeSourcery\Sourcery G++ Lite/lib/gcc/arm-none-eabi/4.8.1/thumb2" -lc -lgcc -T rom_0x08003000.lds
"C:\CodeSourcery\Sourcery G++ Lite/bin/arm-none-eabi-objcopy" rom_0x08003000.elf rom_0x08003000.bin -O binary
"C:\CodeSourcery\Sourcery G++ Lite/bin/arm-none-eabi-objdump" -x -D .\rom_0x08003000.elf > .\__dump.txt
"C:\CodeSourcery\Sourcery G++ Lite/bin/arm-none-eabi-objdump" -x -D -S .\rom_0x08003000.elf > .\__dump_all.txt

**** Build Finished ****

**** Build of configuration Default for project M3_MINI_RTOS ****

make all 
"C:\CodeSourcery\Sourcery G++ Lite/bin/arm-none-eabi-gcc" crt0.s exp_handler.s scheduler.s OS.c clock.c core_cm3.c joy_key.c lcd.c led.c main.c priority_queue.c runtime.c stm32f10x_it.c systick.c timer.c uart.c -nostdinc  -I. -I "C:\CodeSourcery\Sourcery G++ Lite/arm-none-eabi/include" -I "C:\CodeSourcery\Sourcery G++ Lite/lib/gcc/arm-none-eabi/4.8.1/include"  -mcpu=cortex-m3 -fno-stack-protector -c -O0 -Wall -mthumb -msoft-float -fno-builtin -funsigned-char -fno-strict-aliasing -fno-common -pipe -mapcs -mno-thumb-interwork  
"C:\CodeSourcery\Sourcery G++ Lite/bin/arm-none-eabi-ld" OS.o clock.o core_cm3.o joy_key.o lcd.o led.o main.o priority_queue.o runtime.o stm32f10x_it.o systick.o timer.o uart.o crt0.o exp_handler.o scheduler.o -o rom_0x08003000.elf --cref -Bstatic -nostdlib -p -EL -lm -Map rom_0x08003000.map -L "C:\CodeSourcery\Sourcery G++ Lite/arm-none-eabi/lib/thumb2" -L "C:\CodeSourcery\Sourcery G++ Lite/lib/gcc/arm-none-eabi/4.8.1/thumb2" -lc -lgcc -T rom_0x08003000.lds
"C:\CodeSourcery\Sourcery G++ Lite/bin/arm-none-eabi-objcopy" rom_0x08003000.elf rom_0x08003000.bin -O binary
"C:\CodeSourcery\Sourcery G++ Lite/bin/arm-none-eabi-objdump" -x -D .\rom_0x08003000.elf > .\__dump.txt
"C:\CodeSourcery\Sourcery G++ Lite/bin/arm-none-eabi-objdump" -x -D -S .\rom_0x08003000.elf > .\__dump_all.txt

**** Build Finished ****

**** Build of configuration Default for project M3_MINI_RTOS ****

make all 
make: Nothing to be done for `all'.

**** Build Finished ****
